c:\users\s162149\documents\gs後期\集中\gjcharamaking\gjcharamaking\debug\gjcharamaking.pch
c:\users\s162149\documents\gs後期\集中\gjcharamaking\gjcharamaking\debug\vc140.pdb
c:\users\s162149\documents\gs後期\集中\gjcharamaking\gjcharamaking\debug\vc140.idb
c:\users\s162149\documents\gs後期\集中\gjcharamaking\gjcharamaking\debug\pch.obj
c:\users\s162149\documents\gs後期\集中\gjcharamaking\gjcharamaking\debug\customizescene.obj
c:\users\s162149\documents\gs後期\集中\gjcharamaking\gjcharamaking\debug\scene.obj
c:\users\s162149\documents\gs後期\集中\gjcharamaking\gjcharamaking\debug\main.obj
c:\users\s162149\documents\gs後期\集中\gjcharamaking\gjcharamaking\debug\game.obj
c:\users\s162149\documents\gs後期\集中\gjcharamaking\debug\gjcharamaking.lib
c:\users\s162149\documents\gs後期\集中\gjcharamaking\debug\gjcharamaking.exp
c:\users\s162149\documents\gs後期\集中\gjcharamaking\debug\gjcharamaking.ilk
c:\users\s162149\documents\gs後期\集中\gjcharamaking\debug\gjcharamaking.exe
c:\users\s162149\documents\gs後期\集中\gjcharamaking\debug\gjcharamaking.pdb
c:\users\s162149\documents\gs後期\集中\gjcharamaking\gjcharamaking\debug\resource.res
c:\users\s162149\documents\gs後期\集中\gjcharamaking\gjcharamaking\debug\gjcharamaking.exe.embed.manifest.res
c:\users\s162149\documents\gs後期\集中\gjcharamaking\gjcharamaking\debug\gjcharamaking.exe.embed.manifest
c:\users\s162149\documents\gs後期\集中\gjcharamaking\gjcharamaking\debug\gjcharamaking_manifest.rc
c:\users\s162149\documents\gs後期\集中\gjcharamaking\gjcharamaking\debug\gjcharamaking.tlog\cl.command.1.tlog
c:\users\s162149\documents\gs後期\集中\gjcharamaking\gjcharamaking\debug\gjcharamaking.tlog\cl.read.1.tlog
c:\users\s162149\documents\gs後期\集中\gjcharamaking\gjcharamaking\debug\gjcharamaking.tlog\cl.write.1.tlog
c:\users\s162149\documents\gs後期\集中\gjcharamaking\gjcharamaking\debug\gjcharamaking.tlog\gjcharamaking.write.1u.tlog
c:\users\s162149\documents\gs後期\集中\gjcharamaking\gjcharamaking\debug\gjcharamaking.tlog\link.command.1.tlog
c:\users\s162149\documents\gs後期\集中\gjcharamaking\gjcharamaking\debug\gjcharamaking.tlog\link.read.1.tlog
c:\users\s162149\documents\gs後期\集中\gjcharamaking\gjcharamaking\debug\gjcharamaking.tlog\link.write.1.tlog
c:\users\s162149\documents\gs後期\集中\gjcharamaking\gjcharamaking\debug\gjcharamaking.tlog\rc.command.1.tlog
c:\users\s162149\documents\gs後期\集中\gjcharamaking\gjcharamaking\debug\gjcharamaking.tlog\rc.read.1.tlog
c:\users\s162149\documents\gs後期\集中\gjcharamaking\gjcharamaking\debug\gjcharamaking.tlog\rc.write.1.tlog
