  Assets\Body.FBX
  Assets\ground_200m.FBX
  Assets\Head1.FBX
  Assets\Head2.FBX
  Assets\Leg.FBX
  Assets\skyDome.FBX
  pch.cpp
  Main.cpp
  Game.cpp
  SceneManager.cpp
  Scene.cpp
  PlayScene.cpp
c:\program files (x86)\microsoft visual studio 14.0\vc\include\memory(1630): warning C4244: '引数': 'const float' から 'int' への変換です。データが失われる可能性があります。
  c:\users\s162149\documents\gs後期\集中\gjcharamakingproject\gjcharamaking\gjcharamaking\classes\playscene.cpp(29): note: コンパイル対象の関数 テンプレート インスタンス化 'std::unique_ptr<Camera,std::default_delete<_Ty>> std::make_unique<Camera,const float&,const float&>(const float &,const float &)' のリファレンスを確認してください
          with
          [
              _Ty=Camera
          ]
  Object.cpp
  IModel.cpp
  CustomizeScene.cpp
c:\program files (x86)\microsoft visual studio 14.0\vc\include\memory(1630): warning C4244: '引数': 'const float' から 'int' への変換です。データが失われる可能性があります。
  c:\users\s162149\documents\gs後期\集中\gjcharamakingproject\gjcharamaking\gjcharamaking\classes\customizescene.cpp(32): note: コンパイル対象の関数 テンプレート インスタンス化 'std::unique_ptr<Camera,std::default_delete<_Ty>> std::make_unique<Camera,const float&,const float&>(const float &,const float &)' のリファレンスを確認してください
          with
          [
              _Ty=Camera
          ]
  Character.cpp
  Camera.cpp
  コードを生成中...
  LINK : 前回のインクリメンタル リンクで C:\Users\s162149\Documents\GS後期\集中\GJCharaMakingProject\GJCharaMaking\Debug\GJCharaMaking.exe が見つからなかったか、ビルドされませんでした。フル リンクを行います。
     ライブラリ C:\Users\s162149\Documents\GS後期\集中\GJCharaMakingProject\GJCharaMaking\Debug\GJCharaMaking.lib とオブジェクト C:\Users\s162149\Documents\GS後期\集中\GJCharaMakingProject\GJCharaMaking\Debug\GJCharaMaking.exp を作成中
  GJCharaMaking.vcxproj -> C:\Users\s162149\Documents\GS後期\集中\GJCharaMakingProject\GJCharaMaking\Debug\GJCharaMaking.exe
  GJCharaMaking.vcxproj -> C:\Users\s162149\Documents\GS後期\集中\GJCharaMakingProject\GJCharaMaking\Debug\GJCharaMaking.pdb (Full PDB)
